<?xml version="1.0" encoding="UTF-8"?>
<!-- Generated by org.testng.reporters.JUnitXMLReporter -->
<testsuite ignored="0" hostname="DESKTOP-UU2F52V" failures="1" tests="1" name="Surefire test" time="7.544" errors="0" timestamp="2025-11-15T16:47:32 IST">
  <testcase classname="io.cucumber.testng.AbstractTestNGCucumberTests" name="runScenario" time="5.877">
    <failure type="java.lang.NullPointerException" message="Cannot invoke &amp;quot;com.pages.HomePage.goToLogin()&amp;quot; because &amp;quot;this.home&amp;quot; is null">
      <![CDATA[java.lang.NullPointerException: Cannot invoke "com.pages.HomePage.goToLogin()" because "this.home" is null
at com.stepDefinitionTestNG.DemoWebShopSteps.i_enter_username_and_password(DemoWebShopSteps.java:101)
at âœ½.I enter Username and Password(file:///E:/sprint2_unacademy/Tricentis_demo_project/src/test/resources/Features/Tricentis.feature:35)
]]>
    </failure>
  </testcase> <!-- runScenario -->
</testsuite> <!-- Surefire test -->
