<?xml version="1.0" encoding="UTF-8"?>
<!-- Generated by org.testng.reporters.JUnitReportReporter -->
<testsuite hostname="DESKTOP-UU2F52V" failures="0" tests="1" name="com.stepDefinitionTestNG.TestRunner" time="1.779" errors="1" timestamp="2025-11-15T16:00:48 IST" skipped="0">
  <testcase classname="com.stepDefinitionTestNG.TestRunner" name="runScenario" time="1.779">
    <error message="Cannot assign field &quot;home&quot; because &quot;this.steps&quot; is null" type="java.lang.NullPointerException">
      <![CDATA[java.lang.NullPointerException: Cannot assign field "home" because "this.steps" is null
at com.stepDefinitionTestNG.Hooks.setup(Hooks.java:19)
]]>
    </error>
  </testcase> <!-- runScenario -->
  <system-out/>
</testsuite> <!-- com.stepDefinitionTestNG.TestRunner -->
